<?xml version="1.0" encoding="UTF-8"?>
<!-- Generated by org.testng.reporters.JUnitReportReporter -->
<testsuite hostname="neel-Aspire-5750" failures="0" tests="1" name="Amazon.locators" time="139.994" errors="0" timestamp="2022-03-19T14:00:18 IST" skipped="0">
  <testcase classname="Amazon.locators" name="searchIphone" time="139.994"/>
  <system-out/>
</testsuite> <!-- Amazon.locators -->
